<?xml version="1.0" encoding="UTF-8"?>
<!-- Generated by org.testng.reporters.JUnitXMLReporter -->
<testsuite ignored="0" hostname="mum-mob0355" failures="0" tests="5" name="Default test" time="71.297" errors="0" timestamp="2021-01-28T23:50:18 IST">
  <testcase classname="TestCases.TestCase" name="test001" time="4.577"/>
  <testcase classname="TestCases.TestCase" name="test002" time="3.642"/>
  <testcase classname="TestCases.TestCase" name="test003" time="9.489"/>
  <testcase classname="TestCases.TestCase" name="test003" time="15.634"/>
  <testcase classname="TestCases.TestCase" name="test003" time="10.82"/>
</testsuite> <!-- Default test -->
