<?xml version="1.0" encoding="UTF-8"?>
<testng-results ignored="0" total="5" passed="5" failed="0" skipped="0">
  <reporter-output>
  </reporter-output>
  <suite started-at="2021-01-28T23:49:07 IST" name="Default suite" finished-at="2021-01-28T23:50:18 IST" duration-ms="71297">
    <groups>
    </groups>
    <test started-at="2021-01-28T23:49:07 IST" name="Default test" finished-at="2021-01-28T23:50:18 IST" duration-ms="71297">
      <class name="TestCases.TestCase">
        <test-method is-config="true" signature="setup()[pri:0, instance:TestCases.TestCase@4a668b6e]" started-at="2021-01-28T23:49:07 IST" name="setup" finished-at="2021-01-28T23:49:25 IST" duration-ms="18376" status="PASS">
          <reporter-output>
          </reporter-output>
        </test-method> <!-- setup -->
        <test-method signature="test001()[pri:0, instance:TestCases.TestCase@4a668b6e]" started-at="2021-01-28T23:49:25 IST" name="test001" finished-at="2021-01-28T23:49:30 IST" duration-ms="4577" status="PASS">
          <reporter-output>
          </reporter-output>
        </test-method> <!-- test001 -->
        <test-method signature="test002()[pri:0, instance:TestCases.TestCase@4a668b6e]" started-at="2021-01-28T23:49:30 IST" name="test002" finished-at="2021-01-28T23:49:33 IST" depends-on-methods="TestCases.TestCase.test001" duration-ms="3642" status="PASS">
          <reporter-output>
          </reporter-output>
        </test-method> <!-- test002 -->
        <test-method signature="test003(java.lang.String)[pri:0, instance:TestCases.TestCase@4a668b6e]" started-at="2021-01-28T23:49:35 IST" name="test003" data-provider="UserData" finished-at="2021-01-28T23:49:44 IST" depends-on-methods="TestCases.TestCase.test002" duration-ms="9489" status="PASS">
          <params>
            <param index="0">
              <value>
                <![CDATA[weblogic@outlook.com]]>
              </value>
            </param>
          </params>
          <reporter-output>
          </reporter-output>
        </test-method> <!-- test003 -->
        <test-method signature="test003(java.lang.String)[pri:0, instance:TestCases.TestCase@4a668b6e]" started-at="2021-01-28T23:49:44 IST" name="test003" data-provider="UserData" finished-at="2021-01-28T23:50:00 IST" depends-on-methods="TestCases.TestCase.test002" duration-ms="15634" status="PASS">
          <params>
            <param index="0">
              <value>
                <![CDATA[weblogic@live.com]]>
              </value>
            </param>
          </params>
          <reporter-output>
          </reporter-output>
        </test-method> <!-- test003 -->
        <test-method signature="test003(java.lang.String)[pri:0, instance:TestCases.TestCase@4a668b6e]" started-at="2021-01-28T23:50:00 IST" name="test003" data-provider="UserData" finished-at="2021-01-28T23:50:11 IST" depends-on-methods="TestCases.TestCase.test002" duration-ms="10820" status="PASS">
          <params>
            <param index="0">
              <value>
                <![CDATA[weblogic@rediff.com]]>
              </value>
            </param>
          </params>
          <reporter-output>
          </reporter-output>
        </test-method> <!-- test003 -->
        <test-method is-config="true" signature="test004()[pri:0, instance:TestCases.TestCase@4a668b6e]" started-at="2021-01-28T23:50:11 IST" name="test004" finished-at="2021-01-28T23:50:17 IST" duration-ms="6105" status="PASS">
          <reporter-output>
          </reporter-output>
        </test-method> <!-- test004 -->
        <test-method is-config="true" signature="tearDown()[pri:0, instance:TestCases.TestCase@4a668b6e]" started-at="2021-01-28T23:50:17 IST" name="tearDown" finished-at="2021-01-28T23:50:18 IST" duration-ms="1318" status="PASS">
          <reporter-output>
          </reporter-output>
        </test-method> <!-- tearDown -->
      </class> <!-- TestCases.TestCase -->
    </test> <!-- Default test -->
  </suite> <!-- Default suite -->
</testng-results>
